  PlayScene.cpp
C:\Users\User\Desktop\GDIEngine-main\GDIEngine-main\GDIEngineLib\Scene.h(25,19): error C2259: 'Player': 추상 클래스를 인스턴스화할 수 없습니다.
  (소스 파일 'PlayScene.cpp'을(를) 컴파일하는 중)
      C:\Users\User\Desktop\GDIEngine-main\GDIEngine-main\DemoGame\Player.h(4,7):
      'Player' 선언을 참조하십시오.
      C:\Users\User\Desktop\GDIEngine-main\GDIEngine-main\GDIEngineLib\Scene.h(25,19):
      다음 멤버가 원인입니다.
      C:\Users\User\Desktop\GDIEngine-main\GDIEngine-main\GDIEngineLib\Scene.h(25,19):
      'void Object::Update(void)': abstract입니다.
      C:\Users\User\Desktop\GDIEngine-main\GDIEngine-main\GDIEngineLib\Object.h(8,15):
      'Object::Update' 선언을 참조하십시오.
      C:\Users\User\Desktop\GDIEngine-main\GDIEngine-main\GDIEngineLib\Scene.h(25,19):
      'void Object::Render(void)': abstract입니다.
      C:\Users\User\Desktop\GDIEngine-main\GDIEngine-main\GDIEngineLib\Object.h(9,15):
      'Object::Render' 선언을 참조하십시오.
      C:\Users\User\Desktop\GDIEngine-main\GDIEngine-main\GDIEngineLib\Scene.h(25,19):
      템플릿 인스턴스화 컨텍스트(가장 오래된 인스턴스화 컨텍스트)가
          C:\Users\User\Desktop\GDIEngine-main\GDIEngine-main\DemoGame\PlayScene.cpp(10,19):
          컴파일되는 함수 템플릿 인스턴스화 'T *Scene::CreateObject<Player>(void)'에 대한 참조를 확인하세요.
          with
          [
              T=Player
          ]
  
C:\Users\User\Desktop\GDIEngine-main\GDIEngine-main\GDIEngineLib\Scene.h(25,20): error C2259: 'Player': 추상 클래스를 인스턴스화할 수 없습니다.
  (소스 파일 'PlayScene.cpp'을(를) 컴파일하는 중)
      C:\Users\User\Desktop\GDIEngine-main\GDIEngine-main\DemoGame\Player.h(4,7):
      'Player' 선언을 참조하십시오.
      C:\Users\User\Desktop\GDIEngine-main\GDIEngine-main\GDIEngineLib\Scene.h(25,20):
      다음 멤버가 원인입니다.
      C:\Users\User\Desktop\GDIEngine-main\GDIEngine-main\GDIEngineLib\Scene.h(25,20):
      'void Object::Update(void)': abstract입니다.
      C:\Users\User\Desktop\GDIEngine-main\GDIEngine-main\GDIEngineLib\Object.h(8,15):
      'Object::Update' 선언을 참조하십시오.
      C:\Users\User\Desktop\GDIEngine-main\GDIEngine-main\GDIEngineLib\Scene.h(25,20):
      'void Object::Render(void)': abstract입니다.
      C:\Users\User\Desktop\GDIEngine-main\GDIEngine-main\GDIEngineLib\Object.h(9,15):
      'Object::Render' 선언을 참조하십시오.
  
